============================= test session starts ==============================
platform darwin -- Python 3.9.6, pytest-8.4.2, pluggy-1.6.0 -- /Users/shaikdadapeer/agent development/services/onboarding-api/.venv/bin/python3
cachedir: .pytest_cache
rootdir: /Users/shaikdadapeer/agent development/services/onboarding-api
configfile: pyproject.toml
testpaths: tests
plugins: anyio-4.12.1, asyncio-1.2.0, cov-7.1.0
asyncio: mode=auto, debug=False, asyncio_default_fixture_loop_scope=None, asyncio_default_test_loop_scope=function
collecting ... collected 24 items

tests/test_auth.py::test_health_public_without_key PASSED                [  4%]
tests/test_auth.py::test_protected_route_requires_key PASSED             [  8%]
tests/test_customers.py::test_create_customer PASSED                     [ 12%]
tests/test_customers.py::test_create_customer_duplicate_email PASSED     [ 16%]
tests/test_customers.py::test_create_customer_invalid_email PASSED       [ 20%]
tests/test_customers.py::test_get_customer PASSED                        [ 25%]
tests/test_customers.py::test_get_customer_not_found PASSED              [ 29%]
tests/test_health.py::test_health PASSED                                 [ 33%]
tests/test_health.py::test_metrics PASSED                                [ 37%]
tests/test_integration.py::test_full_kyc_onboarding_flow PASSED          [ 41%]
tests/test_integration.py::test_health_and_metrics_available PASSED      [ 45%]
tests/test_kyc.py::test_submit_kyc_success PASSED                        [ 50%]
tests/test_kyc.py::test_submit_kyc_invalid_pan PASSED                    [ 54%]
tests/test_kyc.py::test_submit_kyc_rejected_pan PASSED                   [ 58%]
tests/test_kyc.py::test_get_kyc_status PASSED                            [ 62%]
tests/test_kyc.py::test_get_kyc_status_not_found PASSED                  [ 66%]
tests/test_metrics.py::test_kyc_flow_exposes_domain_metrics PASSED       [ 70%]
tests/test_risk.py::test_risk_score_without_kyc PASSED                   [ 75%]
tests/test_risk.py::test_risk_score_after_kyc PASSED                     [ 79%]
tests/test_risk.py::test_risk_score_customer_not_found PASSED            [ 83%]
tests/test_verification.py::test_pan_verify_success PASSED               [ 87%]
tests/test_verification.py::test_pan_verify_invalid_format PASSED        [ 91%]
tests/test_verification.py::test_bank_verify_success PASSED              [ 95%]
tests/test_verification.py::test_bank_verify_invalid_account PASSED      [100%]

================================ tests coverage ================================
_______________ coverage: platform darwin, python 3.9.6-final-0 ________________

Name                                              Stmts   Miss  Cover   Missing
-------------------------------------------------------------------------------
app/__init__.py                                       0      0   100%
app/core/auth.py                                     16      0   100%
app/core/config.py                                   15      0   100%
app/core/database.py                                 13      0   100%
app/core/exceptions.py                               22      1    95%   25
app/core/logging.py                                  10      0   100%
app/core/metrics.py                                  10      0   100%
app/main.py                                          48      0   100%
app/models/base.py                                   14      1    93%   27
app/models/customer.py                               16      0   100%
app/models/kyc.py                                    36      0   100%
app/models/risk.py                                   16      0   100%
app/repositories/customer_repository.py              34      3    91%   26-28
app/repositories/document_repository.py              13      0   100%
app/repositories/kyc_repository.py                   48      4    92%   46-49
app/routers/__init__.py                               0      0   100%
app/routers/customer_read.py                         10      0   100%
app/routers/customers.py                              9      0   100%
app/routers/health.py                                11      0   100%
app/routers/kyc.py                                   13      0   100%
app/routers/risk.py                                   9      0   100%
app/routers/verification.py                          12      0   100%
app/schemas/customer.py                              23      0   100%
app/schemas/kyc.py                                   43      3    93%   24, 32, 40
app/schemas/risk.py                                  13      0   100%
app/schemas/validators.py                             3      0   100%
app/schemas/verification.py                          32      2    94%   17, 37
app/services/bank_verification_service.py            13      0   100%
app/services/customer_service.py                     22      0   100%
app/services/kyc_service.py                          46      0   100%
app/services/pan_verification_service.py             16      0   100%
app/services/risk_score_service.py                   49      1    98%   24
app/services/standalone_verification_service.py      21      0   100%
-------------------------------------------------------------------------------
TOTAL                                               656     15    98%
============================== 24 passed in 1.64s ==============================
